{"numTotalTestSuites":16,"numPassedTestSuites":12,"numFailedTestSuites":4,"numPendingTestSuites":0,"numTotalTests":158,"numPassedTests":149,"numFailedTests":9,"numPendingTests":0,"numTodoTests":0,"snapshot":{"added":0,"failure":false,"filesAdded":0,"filesRemoved":0,"filesRemovedList":[],"filesUnmatched":0,"filesUpdated":0,"matched":0,"total":0,"unchecked":0,"uncheckedKeysByFile":[],"unmatched":0,"updated":0,"didUpdate":false},"startTime":1773242179947,"success":false,"testResults":[{"assertionResults":[{"ancestorTitles":["classifyLiveInput zh seed and regression cases"],"fullName":"classifyLiveInput zh seed and regression cases defaults punct-only input to standalone mood","status":"passed","title":"defaults punct-only input to standalone mood","duration":2.421299999999974,"failureMessages":[],"meta":{}},{"ancestorTitles":["classifyLiveInput zh seed and regression cases"],"fullName":"classifyLiveInput zh seed and regression cases classifies standalone mood case: 好累","status":"passed","title":"classifies standalone mood case: 好累","duration":2.4781000000000404,"failureMessages":[],"meta":{}},{"ancestorTitles":["classifyLiveInput zh seed and regression cases"],"fullName":"classifyLiveInput zh seed and regression cases classifies new activity case: 开会","status":"passed","title":"classifies new activity case: 开会","duration":0.8609999999998763,"failureMessages":[],"meta":{}},{"ancestorTitles":["classifyLiveInput zh seed and regression cases"],"fullName":"classifyLiveInput zh seed and regression cases classifies activity_with_mood case: 写周报写得很烦","status":"failed","title":"classifies activity_with_mood case: 写周报写得很烦","duration":6.28449999999998,"failureMessages":["AssertionError: expected 'mood' to be 'activity' // Object.is equality\n    at C:\\Users\\yangy\\Desktop\\Tshine2-13-mainc\\Tshine2-13-mainc\\src\\services\\input\\liveInputClassifier.test.ts:32:25\n    at file:///C:/Users/yangy/Desktop/Tshine2-13-mainc/Tshine2-13-mainc/node_modules/@vitest/runner/dist/index.js:146:14\n    at file:///C:/Users/yangy/Desktop/Tshine2-13-mainc/Tshine2-13-mainc/node_modules/@vitest/runner/dist/index.js:533:11\n    at runWithTimeout (file:///C:/Users/yangy/Desktop/Tshine2-13-mainc/Tshine2-13-mainc/node_modules/@vitest/runner/dist/index.js:39:7)\n    at runTest (file:///C:/Users/yangy/Desktop/Tshine2-13-mainc/Tshine2-13-mainc/node_modules/@vitest/runner/dist/index.js:1056:17)\n    at processTicksAndRejections (node:internal/process/task_queues:103:5)\n    at runSuite (file:///C:/Users/yangy/Desktop/Tshine2-13-mainc/Tshine2-13-mainc/node_modules/@vitest/runner/dist/index.js:1205:15)\n    at runSuite (file:///C:/Users/yangy/Desktop/Tshine2-13-mainc/Tshine2-13-mainc/node_modules/@vitest/runner/dist/index.js:1205:15)\n    at runFiles (file:///C:/Users/yangy/Desktop/Tshine2-13-mainc/Tshine2-13-mainc/node_modules/@vitest/runner/dist/index.js:1262:5)\n    at startTests (file:///C:/Users/yangy/Desktop/Tshine2-13-mainc/Tshine2-13-mainc/node_modules/@vitest/runner/dist/index.js:1271:3)"],"meta":{}},{"ancestorTitles":["classifyLiveInput zh seed and regression cases"],"fullName":"classifyLiveInput zh seed and regression cases defaults ambiguous short text to mood: 有点乱","status":"passed","title":"defaults ambiguous short text to mood: 有点乱","duration":0.8068000000000666,"failureMessages":[],"meta":{}},{"ancestorTitles":["classifyLiveInput zh seed and regression cases"],"fullName":"classifyLiveInput zh seed and regression cases maps happy mood keyword in activity_with_mood","status":"failed","title":"maps happy mood keyword in activity_with_mood","duration":0.5217999999999847,"failureMessages":["AssertionError: expected 'mood' to be 'activity' // Object.is equality\n    at C:\\Users\\yangy\\Desktop\\Tshine2-13-mainc\\Tshine2-13-mainc\\src\\services\\input\\liveInputClassifier.test.ts:46:25\n    at file:///C:/Users/yangy/Desktop/Tshine2-13-mainc/Tshine2-13-mainc/node_modules/@vitest/runner/dist/index.js:146:14\n    at file:///C:/Users/yangy/Desktop/Tshine2-13-mainc/Tshine2-13-mainc/node_modules/@vitest/runner/dist/index.js:533:11\n    at runWithTimeout (file:///C:/Users/yangy/Desktop/Tshine2-13-mainc/Tshine2-13-mainc/node_modules/@vitest/runner/dist/index.js:39:7)\n    at runTest (file:///C:/Users/yangy/Desktop/Tshine2-13-mainc/Tshine2-13-mainc/node_modules/@vitest/runner/dist/index.js:1056:17)\n    at processTicksAndRejections (node:internal/process/task_queues:103:5)\n    at runSuite (file:///C:/Users/yangy/Desktop/Tshine2-13-mainc/Tshine2-13-mainc/node_modules/@vitest/runner/dist/index.js:1205:15)\n    at runSuite (file:///C:/Users/yangy/Desktop/Tshine2-13-mainc/Tshine2-13-mainc/node_modules/@vitest/runner/dist/index.js:1205:15)\n    at runFiles (file:///C:/Users/yangy/Desktop/Tshine2-13-mainc/Tshine2-13-mainc/node_modules/@vitest/runner/dist/index.js:1262:5)\n    at startTests (file:///C:/Users/yangy/Desktop/Tshine2-13-mainc/Tshine2-13-mainc/node_modules/@vitest/runner/dist/index.js:1271:3)"],"meta":{}},{"ancestorTitles":["classifyLiveInput zh seed and regression cases"],"fullName":"classifyLiveInput zh seed and regression cases maps anxious mood keyword in activity_with_mood","status":"failed","title":"maps anxious mood keyword in activity_with_mood","duration":0.4576999999999316,"failureMessages":["AssertionError: expected 'mood' to be 'activity' // Object.is equality\n    at C:\\Users\\yangy\\Desktop\\Tshine2-13-mainc\\Tshine2-13-mainc\\src\\services\\input\\liveInputClassifier.test.ts:53:25\n    at file:///C:/Users/yangy/Desktop/Tshine2-13-mainc/Tshine2-13-mainc/node_modules/@vitest/runner/dist/index.js:146:14\n    at file:///C:/Users/yangy/Desktop/Tshine2-13-mainc/Tshine2-13-mainc/node_modules/@vitest/runner/dist/index.js:533:11\n    at runWithTimeout (file:///C:/Users/yangy/Desktop/Tshine2-13-mainc/Tshine2-13-mainc/node_modules/@vitest/runner/dist/index.js:39:7)\n    at runTest (file:///C:/Users/yangy/Desktop/Tshine2-13-mainc/Tshine2-13-mainc/node_modules/@vitest/runner/dist/index.js:1056:17)\n    at processTicksAndRejections (node:internal/process/task_queues:103:5)\n    at runSuite (file:///C:/Users/yangy/Desktop/Tshine2-13-mainc/Tshine2-13-mainc/node_modules/@vitest/runner/dist/index.js:1205:15)\n    at runSuite (file:///C:/Users/yangy/Desktop/Tshine2-13-mainc/Tshine2-13-mainc/node_modules/@vitest/runner/dist/index.js:1205:15)\n    at runFiles (file:///C:/Users/yangy/Desktop/Tshine2-13-mainc/Tshine2-13-mainc/node_modules/@vitest/runner/dist/index.js:1262:5)\n    at startTests (file:///C:/Users/yangy/Desktop/Tshine2-13-mainc/Tshine2-13-mainc/node_modules/@vitest/runner/dist/index.js:1271:3)"],"meta":{}},{"ancestorTitles":["classifyLiveInput zh seed and regression cases"],"fullName":"classifyLiveInput zh seed and regression cases normalizes trailing particles and keeps mood classification","status":"passed","title":"normalizes trailing particles and keeps mood classification","duration":0.17870000000016262,"failureMessages":[],"meta":{}},{"ancestorTitles":["classifyLiveInput context bias"],"fullName":"classifyLiveInput context bias biases to mood_about_last_activity: 吃饭好开心","status":"passed","title":"biases to mood_about_last_activity: 吃饭好开心","duration":0.44839999999999236,"failureMessages":[],"meta":{}},{"ancestorTitles":["classifyLiveInput context bias"],"fullName":"classifyLiveInput context bias biases to mood_about_last_activity: 刚才那个会真烦","status":"passed","title":"biases to mood_about_last_activity: 刚才那个会真烦","duration":0.23030000000017026,"failureMessages":[],"meta":{}},{"ancestorTitles":["classifyLiveInput context bias"],"fullName":"classifyLiveInput context bias biases by expanded zh reference variants: 那个电话打完后整个人都放松了","status":"passed","title":"biases by expanded zh reference variants: 那个电话打完后整个人都放松了","duration":0.3507000000001881,"failureMessages":[],"meta":{}},{"ancestorTitles":["classifyLiveInput context bias"],"fullName":"classifyLiveInput context bias biases by expanded zh reference variants: 刚才那节课让我有点挫败","status":"passed","title":"biases by expanded zh reference variants: 刚才那节课让我有点挫败","duration":0.2618000000002212,"failureMessages":[],"meta":{}},{"ancestorTitles":["classifyLiveInput context bias"],"fullName":"classifyLiveInput context bias biases to mood_about_last_activity: 终于做完了这件事情，好开心啊","status":"passed","title":"biases to mood_about_last_activity: 终于做完了这件事情，好开心啊","duration":0.18360000000006949,"failureMessages":[],"meta":{}},{"ancestorTitles":["classifyLiveInput context bias"],"fullName":"classifyLiveInput context bias uses context-gated strong completion: 刚写完报告了好累","status":"passed","title":"uses context-gated strong completion: 刚写完报告了好累","duration":0.20259999999984757,"failureMessages":[],"meta":{}},{"ancestorTitles":["classifyLiveInput context bias"],"fullName":"classifyLiveInput context bias keeps strong completion as activity when no related context","status":"passed","title":"keeps strong completion as activity when no related context","duration":0.2622000000001208,"failureMessages":[],"meta":{}},{"ancestorTitles":["classifyLiveInput context bias"],"fullName":"classifyLiveInput context bias treats weak completion as mood signal without context linking","status":"failed","title":"treats weak completion as mood signal without context linking","duration":1.0353999999999814,"failureMessages":["AssertionError: expected 'mood_about_last_activity' to be 'standalone_mood' // Object.is equality\n    at C:\\Users\\yangy\\Desktop\\Tshine2-13-mainc\\Tshine2-13-mainc\\src\\services\\input\\liveInputClassifier.test.ts:170:33\n    at file:///C:/Users/yangy/Desktop/Tshine2-13-mainc/Tshine2-13-mainc/node_modules/@vitest/runner/dist/index.js:146:14\n    at file:///C:/Users/yangy/Desktop/Tshine2-13-mainc/Tshine2-13-mainc/node_modules/@vitest/runner/dist/index.js:533:11\n    at runWithTimeout (file:///C:/Users/yangy/Desktop/Tshine2-13-mainc/Tshine2-13-mainc/node_modules/@vitest/runner/dist/index.js:39:7)\n    at runTest (file:///C:/Users/yangy/Desktop/Tshine2-13-mainc/Tshine2-13-mainc/node_modules/@vitest/runner/dist/index.js:1056:17)\n    at processTicksAndRejections (node:internal/process/task_queues:103:5)\n    at runSuite (file:///C:/Users/yangy/Desktop/Tshine2-13-mainc/Tshine2-13-mainc/node_modules/@vitest/runner/dist/index.js:1205:15)\n    at runSuite (file:///C:/Users/yangy/Desktop/Tshine2-13-mainc/Tshine2-13-mainc/node_modules/@vitest/runner/dist/index.js:1205:15)\n    at runFiles (file:///C:/Users/yangy/Desktop/Tshine2-13-mainc/Tshine2-13-mainc/node_modules/@vitest/runner/dist/index.js:1262:5)\n    at startTests (file:///C:/Users/yangy/Desktop/Tshine2-13-mainc/Tshine2-13-mainc/node_modules/@vitest/runner/dist/index.js:1271:3)"],"meta":{}},{"ancestorTitles":["classifyLiveInput context bias"],"fullName":"classifyLiveInput context bias keeps new activity when strong new-action switch exists: 写完周报后去洗澡了","status":"passed","title":"keeps new activity when strong new-action switch exists: 写完周报后去洗澡了","duration":0.14239999999995234,"failureMessages":[],"meta":{}},{"ancestorTitles":["classifyLiveInput context bias"],"fullName":"classifyLiveInput context bias keeps new activity when sentence turns into a next action: 吃完饭去散步","status":"passed","title":"keeps new activity when sentence turns into a next action: 吃完饭去散步","duration":0.11230000000000473,"failureMessages":[],"meta":{}},{"ancestorTitles":["classifyLiveInput additional regression set"],"fullName":"classifyLiveInput additional regression set classifies \"起床\" as new_activity","status":"passed","title":"classifies \"起床\" as new_activity","duration":0.09510000000000218,"failureMessages":[],"meta":{}},{"ancestorTitles":["classifyLiveInput additional regression set"],"fullName":"classifyLiveInput additional regression set classifies \"吃早饭\" as new_activity","status":"passed","title":"classifies \"吃早饭\" as new_activity","duration":0.05940000000009604,"failureMessages":[],"meta":{}},{"ancestorTitles":["classifyLiveInput additional regression set"],"fullName":"classifyLiveInput additional regression set classifies \"看小说\" as new_activity","status":"passed","title":"classifies \"看小说\" as new_activity","duration":0.055399999999963256,"failureMessages":[],"meta":{}},{"ancestorTitles":["classifyLiveInput additional regression set"],"fullName":"classifyLiveInput additional regression set classifies \"看动漫\" as new_activity","status":"passed","title":"classifies \"看动漫\" as new_activity","duration":0.06829999999990832,"failureMessages":[],"meta":{}},{"ancestorTitles":["classifyLiveInput additional regression set"],"fullName":"classifyLiveInput additional regression set classifies \"洗头\" as new_activity","status":"passed","title":"classifies \"洗头\" as new_activity","duration":0.05289999999990869,"failureMessages":[],"meta":{}},{"ancestorTitles":["classifyLiveInput additional regression set"],"fullName":"classifyLiveInput additional regression set classifies \"收拾房间\" as new_activity","status":"passed","title":"classifies \"收拾房间\" as new_activity","duration":0.06400000000007822,"failureMessages":[],"meta":{}},{"ancestorTitles":["classifyLiveInput additional regression set"],"fullName":"classifyLiveInput additional regression set classifies \"遛狗\" as new_activity","status":"passed","title":"classifies \"遛狗\" as new_activity","duration":0.06390000000010332,"failureMessages":[],"meta":{}},{"ancestorTitles":["classifyLiveInput additional regression set"],"fullName":"classifyLiveInput additional regression set classifies \"取快递\" as new_activity","status":"passed","title":"classifies \"取快递\" as new_activity","duration":0.07210000000009131,"failureMessages":[],"meta":{}},{"ancestorTitles":["classifyLiveInput additional regression set"],"fullName":"classifyLiveInput additional regression set classifies \"点外卖\" as new_activity","status":"passed","title":"classifies \"点外卖\" as new_activity","duration":0.070699999999988,"failureMessages":[],"meta":{}},{"ancestorTitles":["classifyLiveInput additional regression set"],"fullName":"classifyLiveInput additional regression set classifies \"打游戏\" as new_activity","status":"passed","title":"classifies \"打游戏\" as new_activity","duration":0.08449999999993452,"failureMessages":[],"meta":{}},{"ancestorTitles":["classifyLiveInput additional regression set"],"fullName":"classifyLiveInput additional regression set classifies \"听歌\" as new_activity","status":"passed","title":"classifies \"听歌\" as new_activity","duration":0.059300000000121145,"failureMessages":[],"meta":{}},{"ancestorTitles":["classifyLiveInput additional regression set"],"fullName":"classifyLiveInput additional regression set classifies \"喝水\" as new_activity","status":"passed","title":"classifies \"喝水\" as new_activity","duration":0.08220000000005712,"failureMessages":[],"meta":{}},{"ancestorTitles":["classifyLiveInput additional regression set"],"fullName":"classifyLiveInput additional regression set classifies \"聊天\" as new_activity","status":"passed","title":"classifies \"聊天\" as new_activity","duration":0.07049999999981083,"failureMessages":[],"meta":{}},{"ancestorTitles":["classifyLiveInput additional regression set"],"fullName":"classifyLiveInput additional regression set classifies \"约饭\" as new_activity","status":"passed","title":"classifies \"约饭\" as new_activity","duration":0.07019999999988613,"failureMessages":[],"meta":{}},{"ancestorTitles":["classifyLiveInput additional regression set"],"fullName":"classifyLiveInput additional regression set classifies \"开黑\" as new_activity","status":"passed","title":"classifies \"开黑\" as new_activity","duration":0.07459999999991851,"failureMessages":[],"meta":{}},{"ancestorTitles":["classifyLiveInput additional regression set"],"fullName":"classifyLiveInput additional regression set classifies \"连麦\" as new_activity","status":"passed","title":"classifies \"连麦\" as new_activity","duration":0.05460000000016407,"failureMessages":[],"meta":{}},{"ancestorTitles":["classifyLiveInput additional regression set"],"fullName":"classifyLiveInput additional regression set classifies \"逛街\" as new_activity","status":"passed","title":"classifies \"逛街\" as new_activity","duration":0.06940000000008695,"failureMessages":[],"meta":{}},{"ancestorTitles":["classifyLiveInput additional regression set"],"fullName":"classifyLiveInput additional regression set classifies \"探店\" as new_activity","status":"passed","title":"classifies \"探店\" as new_activity","duration":0.060500000000047294,"failureMessages":[],"meta":{}},{"ancestorTitles":["classifyLiveInput additional regression set"],"fullName":"classifyLiveInput additional regression set classifies \"撸铁\" as new_activity","status":"passed","title":"classifies \"撸铁\" as new_activity","duration":0.06439999999997781,"failureMessages":[],"meta":{}},{"ancestorTitles":["classifyLiveInput additional regression set"],"fullName":"classifyLiveInput additional regression set classifies \"复习英语\" as new_activity","status":"passed","title":"classifies \"复习英语\" as new_activity","duration":0.0645999999999276,"failureMessages":[],"meta":{}},{"ancestorTitles":["classifyLiveInput additional regression set"],"fullName":"classifyLiveInput additional regression set classifies \"复习语文\" as new_activity","status":"passed","title":"classifies \"复习语文\" as new_activity","duration":0.0781000000001768,"failureMessages":[],"meta":{}},{"ancestorTitles":["classifyLiveInput additional regression set"],"fullName":"classifyLiveInput additional regression set classifies \"复习公司金融\" as new_activity","status":"passed","title":"classifies \"复习公司金融\" as new_activity","duration":0.07150000000001455,"failureMessages":[],"meta":{}},{"ancestorTitles":["classifyLiveInput additional regression set"],"fullName":"classifyLiveInput additional regression set classifies \"复习概率统计\" as new_activity","status":"passed","title":"classifies \"复习概率统计\" as new_activity","duration":0.060500000000047294,"failureMessages":[],"meta":{}},{"ancestorTitles":["classifyLiveInput additional regression set"],"fullName":"classifyLiveInput additional regression set classifies \"学公司金融\" as new_activity","status":"passed","title":"classifies \"学公司金融\" as new_activity","duration":0.08179999999993015,"failureMessages":[],"meta":{}},{"ancestorTitles":["classifyLiveInput additional regression set"],"fullName":"classifyLiveInput additional regression set classifies \"学医学英语\" as new_activity","status":"passed","title":"classifies \"学医学英语\" as new_activity","duration":0.058600000000069485,"failureMessages":[],"meta":{}},{"ancestorTitles":["classifyLiveInput additional regression set"],"fullName":"classifyLiveInput additional regression set classifies \"看公司金融\" as new_activity","status":"passed","title":"classifies \"看公司金融\" as new_activity","duration":0.22889999999983957,"failureMessages":[],"meta":{}},{"ancestorTitles":["classifyLiveInput additional regression set"],"fullName":"classifyLiveInput additional regression set classifies \"练概率统计\" as new_activity","status":"passed","title":"classifies \"练概率统计\" as new_activity","duration":0.07619999999997162,"failureMessages":[],"meta":{}},{"ancestorTitles":["classifyLiveInput additional regression set"],"fullName":"classifyLiveInput additional regression set classifies \"背医学英语\" as new_activity","status":"passed","title":"classifies \"背医学英语\" as new_activity","duration":0.13119999999980791,"failureMessages":[],"meta":{}},{"ancestorTitles":["classifyLiveInput additional regression set"],"fullName":"classifyLiveInput additional regression set classifies \"学习\" as new_activity","status":"passed","title":"classifies \"学习\" as new_activity","duration":0.0763000000001739,"failureMessages":[],"meta":{}},{"ancestorTitles":["classifyLiveInput additional regression set"],"fullName":"classifyLiveInput additional regression set classifies \"复习数学\" as new_activity","status":"passed","title":"classifies \"复习数学\" as new_activity","duration":0.05400000000008731,"failureMessages":[],"meta":{}},{"ancestorTitles":["classifyLiveInput additional regression set"],"fullName":"classifyLiveInput additional regression set classifies \"做作业\" as new_activity","status":"passed","title":"classifies \"做作业\" as new_activity","duration":0.24769999999989523,"failureMessages":[],"meta":{}},{"ancestorTitles":["classifyLiveInput additional regression set"],"fullName":"classifyLiveInput additional regression set classifies \"去运动\" as new_activity","status":"passed","title":"classifies \"去运动\" as new_activity","duration":0.08649999999988722,"failureMessages":[],"meta":{}},{"ancestorTitles":["classifyLiveInput additional regression set"],"fullName":"classifyLiveInput additional regression set classifies \"去散步\" as new_activity","status":"passed","title":"classifies \"去散步\" as new_activity","duration":0.08740000000011605,"failureMessages":[],"meta":{}},{"ancestorTitles":["classifyLiveInput additional regression set"],"fullName":"classifyLiveInput additional regression set classifies \"洗澡\" as new_activity","status":"passed","title":"classifies \"洗澡\" as new_activity","duration":0.059300000000121145,"failureMessages":[],"meta":{}},{"ancestorTitles":["classifyLiveInput additional regression set"],"fullName":"classifyLiveInput additional regression set classifies \"写代码\" as new_activity","status":"passed","title":"classifies \"写代码\" as new_activity","duration":0.07690000000002328,"failureMessages":[],"meta":{}},{"ancestorTitles":["classifyLiveInput additional regression set"],"fullName":"classifyLiveInput additional regression set classifies \"阅读文档\" as new_activity","status":"passed","title":"classifies \"阅读文档\" as new_activity","duration":0.08030000000007931,"failureMessages":[],"meta":{}},{"ancestorTitles":["classifyLiveInput additional regression set"],"fullName":"classifyLiveInput additional regression set classifies \"好烦\" as standalone_mood","status":"passed","title":"classifies \"好烦\" as standalone_mood","duration":0.08429999999998472,"failureMessages":[],"meta":{}},{"ancestorTitles":["classifyLiveInput additional regression set"],"fullName":"classifyLiveInput additional regression set classifies \"很焦虑\" as standalone_mood","status":"passed","title":"classifies \"很焦虑\" as standalone_mood","duration":0.0684000000001106,"failureMessages":[],"meta":{}},{"ancestorTitles":["classifyLiveInput additional regression set"],"fullName":"classifyLiveInput additional regression set classifies \"今天状态很差\" as standalone_mood","status":"passed","title":"classifies \"今天状态很差\" as standalone_mood","duration":0.1370999999999185,"failureMessages":[],"meta":{}},{"ancestorTitles":["classifyLiveInput additional regression set"],"fullName":"classifyLiveInput additional regression set classifies \"没精神\" as standalone_mood","status":"passed","title":"classifies \"没精神\" as standalone_mood","duration":0.22659999999996217,"failureMessages":[],"meta":{}},{"ancestorTitles":["classifyLiveInput additional regression set"],"fullName":"classifyLiveInput additional regression set classifies \"乱\" as standalone_mood","status":"passed","title":"classifies \"乱\" as standalone_mood","duration":0.128800000000183,"failureMessages":[],"meta":{}},{"ancestorTitles":["classifyLiveInput gold-driven zh regressions"],"fullName":"classifyLiveInput gold-driven zh regressions recognizes colloquial activity: 摸鱼","status":"passed","title":"recognizes colloquial activity: 摸鱼","duration":0.16869999999994434,"failureMessages":[],"meta":{}},{"ancestorTitles":["classifyLiveInput gold-driven zh regressions"],"fullName":"classifyLiveInput gold-driven zh regressions recognizes place-based activity: 去健身房","status":"passed","title":"recognizes place-based activity: 去健身房","duration":0.06600000000003092,"failureMessages":[],"meta":{}},{"ancestorTitles":["classifyLiveInput gold-driven zh regressions"],"fullName":"classifyLiveInput gold-driven zh regressions handles completion-style short activity: 搞定了","status":"passed","title":"handles completion-style short activity: 搞定了","duration":0.06650000000013279,"failureMessages":[],"meta":{}},{"ancestorTitles":["classifyLiveInput gold-driven zh regressions"],"fullName":"classifyLiveInput gold-driven zh regressions keeps pure mood phrase as standalone mood: 很开心","status":"passed","title":"keeps pure mood phrase as standalone mood: 很开心","duration":0.07910000000015316,"failureMessages":[],"meta":{}},{"ancestorTitles":["classifyLiveInput gold-driven zh regressions"],"fullName":"classifyLiveInput gold-driven zh regressions captures activity_with_mood with bodily feeling: 写代码写到头疼","status":"failed","title":"captures activity_with_mood with bodily feeling: 写代码写到头疼","duration":0.6296999999999571,"failureMessages":["AssertionError: expected 'standalone_mood' to be 'activity_with_mood' // Object.is equality\n    at C:\\Users\\yangy\\Desktop\\Tshine2-13-mainc\\Tshine2-13-mainc\\src\\services\\input\\liveInputClassifier.test.ts:263:33\n    at file:///C:/Users/yangy/Desktop/Tshine2-13-mainc/Tshine2-13-mainc/node_modules/@vitest/runner/dist/index.js:146:14\n    at file:///C:/Users/yangy/Desktop/Tshine2-13-mainc/Tshine2-13-mainc/node_modules/@vitest/runner/dist/index.js:533:11\n    at runWithTimeout (file:///C:/Users/yangy/Desktop/Tshine2-13-mainc/Tshine2-13-mainc/node_modules/@vitest/runner/dist/index.js:39:7)\n    at runTest (file:///C:/Users/yangy/Desktop/Tshine2-13-mainc/Tshine2-13-mainc/node_modules/@vitest/runner/dist/index.js:1056:17)\n    at processTicksAndRejections (node:internal/process/task_queues:103:5)\n    at runSuite (file:///C:/Users/yangy/Desktop/Tshine2-13-mainc/Tshine2-13-mainc/node_modules/@vitest/runner/dist/index.js:1205:15)\n    at runSuite (file:///C:/Users/yangy/Desktop/Tshine2-13-mainc/Tshine2-13-mainc/node_modules/@vitest/runner/dist/index.js:1205:15)\n    at runFiles (file:///C:/Users/yangy/Desktop/Tshine2-13-mainc/Tshine2-13-mainc/node_modules/@vitest/runner/dist/index.js:1262:5)\n    at startTests (file:///C:/Users/yangy/Desktop/Tshine2-13-mainc/Tshine2-13-mainc/node_modules/@vitest/runner/dist/index.js:1271:3)"],"meta":{}},{"ancestorTitles":["classifyLiveInput gold-driven zh regressions"],"fullName":"classifyLiveInput gold-driven zh regressions captures activity_with_mood with mixed clause: 上课上得有点烦","status":"failed","title":"captures activity_with_mood with mixed clause: 上课上得有点烦","duration":0.42419999999992797,"failureMessages":["AssertionError: expected 'standalone_mood' to be 'activity_with_mood' // Object.is equality\n    at C:\\Users\\yangy\\Desktop\\Tshine2-13-mainc\\Tshine2-13-mainc\\src\\services\\input\\liveInputClassifier.test.ts:268:33\n    at file:///C:/Users/yangy/Desktop/Tshine2-13-mainc/Tshine2-13-mainc/node_modules/@vitest/runner/dist/index.js:146:14\n    at file:///C:/Users/yangy/Desktop/Tshine2-13-mainc/Tshine2-13-mainc/node_modules/@vitest/runner/dist/index.js:533:11\n    at runWithTimeout (file:///C:/Users/yangy/Desktop/Tshine2-13-mainc/Tshine2-13-mainc/node_modules/@vitest/runner/dist/index.js:39:7)\n    at runTest (file:///C:/Users/yangy/Desktop/Tshine2-13-mainc/Tshine2-13-mainc/node_modules/@vitest/runner/dist/index.js:1056:17)\n    at processTicksAndRejections (node:internal/process/task_queues:103:5)\n    at runSuite (file:///C:/Users/yangy/Desktop/Tshine2-13-mainc/Tshine2-13-mainc/node_modules/@vitest/runner/dist/index.js:1205:15)\n    at runSuite (file:///C:/Users/yangy/Desktop/Tshine2-13-mainc/Tshine2-13-mainc/node_modules/@vitest/runner/dist/index.js:1205:15)\n    at runFiles (file:///C:/Users/yangy/Desktop/Tshine2-13-mainc/Tshine2-13-mainc/node_modules/@vitest/runner/dist/index.js:1262:5)\n    at startTests (file:///C:/Users/yangy/Desktop/Tshine2-13-mainc/Tshine2-13-mainc/node_modules/@vitest/runner/dist/index.js:1271:3)"],"meta":{}},{"ancestorTitles":["classifyLiveInput gold-driven zh regressions"],"fullName":"classifyLiveInput gold-driven zh regressions does not classify negative intention as new activity: 不想开会","status":"passed","title":"does not classify negative intention as new activity: 不想开会","duration":0.08449999999993452,"failureMessages":[],"meta":{}},{"ancestorTitles":["classifyLiveInput gold-driven zh regressions"],"fullName":"classifyLiveInput gold-driven zh regressions does not classify plan statement as new activity: 明天要开会","status":"passed","title":"does not classify plan statement as new activity: 明天要开会","duration":0.09339999999997417,"failureMessages":[],"meta":{}},{"ancestorTitles":["classifyLiveInput gold-driven zh regressions"],"fullName":"classifyLiveInput gold-driven zh regressions treats inability phrasing as mood: 学不下去了","status":"passed","title":"treats inability phrasing as mood: 学不下去了","duration":0.06889999999998508,"failureMessages":[],"meta":{}},{"ancestorTitles":["classifyLiveInput gold-driven zh regressions"],"fullName":"classifyLiveInput gold-driven zh regressions treats inability phrasing as mood: 看不进去","status":"passed","title":"treats inability phrasing as mood: 看不进去","duration":0.08390000000008513,"failureMessages":[],"meta":{}},{"ancestorTitles":["classifyLiveInput gold-driven zh regressions"],"fullName":"classifyLiveInput gold-driven zh regressions treats inability phrasing as mood: 写不动了","status":"passed","title":"treats inability phrasing as mood: 写不动了","duration":0.1269999999999527,"failureMessages":[],"meta":{}},{"ancestorTitles":["classifyLiveInput gold-driven zh regressions"],"fullName":"classifyLiveInput gold-driven zh regressions treats inability phrasing as mood: 干不下去","status":"passed","title":"treats inability phrasing as mood: 干不下去","duration":0.08219999999982974,"failureMessages":[],"meta":{}},{"ancestorTitles":["classifyLiveInput gold-driven zh regressions"],"fullName":"classifyLiveInput gold-driven zh regressions treats low-motivation phrasing as mood: 学习提不起劲","status":"passed","title":"treats low-motivation phrasing as mood: 学习提不起劲","duration":0.0885000000000673,"failureMessages":[],"meta":{}},{"ancestorTitles":["classifyLiveInput gold-driven zh regressions"],"fullName":"classifyLiveInput gold-driven zh regressions does not over-trigger activity for 学期 in mood sentence","status":"passed","title":"does not over-trigger activity for 学期 in mood sentence","duration":0.10179999999991196,"failureMessages":[],"meta":{}},{"ancestorTitles":["classifyLiveInput gold-driven zh regressions"],"fullName":"classifyLiveInput gold-driven zh regressions does not over-trigger activity for 看起来 in mood sentence","status":"passed","title":"does not over-trigger activity for 看起来 in mood sentence","duration":0.0944000000001779,"failureMessages":[],"meta":{}},{"ancestorTitles":["classifyLiveInput gold-driven zh regressions"],"fullName":"classifyLiveInput gold-driven zh regressions does not over-trigger activity for 练习惯 in neutral sentence","status":"passed","title":"does not over-trigger activity for 练习惯 in neutral sentence","duration":0.11339999999995598,"failureMessages":[],"meta":{}},{"ancestorTitles":["classifyLiveInput gold-driven zh regressions"],"fullName":"classifyLiveInput gold-driven zh regressions biases short evaluative phrase to last activity when context exists: 爽","status":"passed","title":"biases short evaluative phrase to last activity when context exists: 爽","duration":0.11869999999998981,"failureMessages":[],"meta":{}},{"ancestorTitles":["classifyLiveInput gold-driven zh regressions"],"fullName":"classifyLiveInput gold-driven zh regressions blocks planned activity before activity detection: 明天要去开会","status":"passed","title":"blocks planned activity before activity detection: 明天要去开会","duration":0.07600000000002183,"failureMessages":[],"meta":{}},{"ancestorTitles":["classifyLiveInput gold-driven zh regressions"],"fullName":"classifyLiveInput gold-driven zh regressions does not use raw substring context matching: 刚写完报告了 vs 开会","status":"passed","title":"does not use raw substring context matching: 刚写完报告了 vs 开会","duration":0.2623000000000957,"failureMessages":[],"meta":{}},{"ancestorTitles":["classifyLiveInput gold-driven zh regressions"],"fullName":"classifyLiveInput gold-driven zh regressions captures activity_with_mood in social-work phrasing: 和客户会开得很顺利","status":"failed","title":"captures activity_with_mood in social-work phrasing: 和客户会开得很顺利","duration":0.4177999999999429,"failureMessages":["AssertionError: expected 'standalone_mood' to be 'activity_with_mood' // Object.is equality\n    at C:\\Users\\yangy\\Desktop\\Tshine2-13-mainc\\Tshine2-13-mainc\\src\\services\\input\\liveInputClassifier.test.ts:363:33\n    at file:///C:/Users/yangy/Desktop/Tshine2-13-mainc/Tshine2-13-mainc/node_modules/@vitest/runner/dist/index.js:146:14\n    at file:///C:/Users/yangy/Desktop/Tshine2-13-mainc/Tshine2-13-mainc/node_modules/@vitest/runner/dist/index.js:533:11\n    at runWithTimeout (file:///C:/Users/yangy/Desktop/Tshine2-13-mainc/Tshine2-13-mainc/node_modules/@vitest/runner/dist/index.js:39:7)\n    at runTest (file:///C:/Users/yangy/Desktop/Tshine2-13-mainc/Tshine2-13-mainc/node_modules/@vitest/runner/dist/index.js:1056:17)\n    at processTicksAndRejections (node:internal/process/task_queues:103:5)\n    at runSuite (file:///C:/Users/yangy/Desktop/Tshine2-13-mainc/Tshine2-13-mainc/node_modules/@vitest/runner/dist/index.js:1205:15)\n    at runSuite (file:///C:/Users/yangy/Desktop/Tshine2-13-mainc/Tshine2-13-mainc/node_modules/@vitest/runner/dist/index.js:1205:15)\n    at runFiles (file:///C:/Users/yangy/Desktop/Tshine2-13-mainc/Tshine2-13-mainc/node_modules/@vitest/runner/dist/index.js:1262:5)\n    at startTests (file:///C:/Users/yangy/Desktop/Tshine2-13-mainc/Tshine2-13-mainc/node_modules/@vitest/runner/dist/index.js:1271:3)"],"meta":{}},{"ancestorTitles":["classifyLiveInput gold-driven zh regressions"],"fullName":"classifyLiveInput gold-driven zh regressions captures activity_with_mood in completion + joy phrasing: 刚打完球，好爽","status":"passed","title":"captures activity_with_mood in completion + joy phrasing: 刚打完球，好爽","duration":0.2243999999998323,"failureMessages":[],"meta":{}},{"ancestorTitles":["classifyLiveInput gold-driven zh regressions"],"fullName":"classifyLiveInput gold-driven zh regressions captures activity_with_mood in completion + weak mood phrasing: 写完报告了，终于松口气","status":"passed","title":"captures activity_with_mood in completion + weak mood phrasing: 写完报告了，终于松口气","duration":0.1713999999999487,"failureMessages":[],"meta":{}},{"ancestorTitles":["classifyLiveInput gold-driven zh regressions"],"fullName":"classifyLiveInput gold-driven zh regressions captures activity_with_mood in result-eval phrasing: 午休睡得很好","status":"failed","title":"captures activity_with_mood in result-eval phrasing: 午休睡得很好","duration":0.35019999999985885,"failureMessages":["AssertionError: expected 'standalone_mood' to be 'activity_with_mood' // Object.is equality\n    at C:\\Users\\yangy\\Desktop\\Tshine2-13-mainc\\Tshine2-13-mainc\\src\\services\\input\\liveInputClassifier.test.ts:378:33\n    at file:///C:/Users/yangy/Desktop/Tshine2-13-mainc/Tshine2-13-mainc/node_modules/@vitest/runner/dist/index.js:146:14\n    at file:///C:/Users/yangy/Desktop/Tshine2-13-mainc/Tshine2-13-mainc/node_modules/@vitest/runner/dist/index.js:533:11\n    at runWithTimeout (file:///C:/Users/yangy/Desktop/Tshine2-13-mainc/Tshine2-13-mainc/node_modules/@vitest/runner/dist/index.js:39:7)\n    at runTest (file:///C:/Users/yangy/Desktop/Tshine2-13-mainc/Tshine2-13-mainc/node_modules/@vitest/runner/dist/index.js:1056:17)\n    at processTicksAndRejections (node:internal/process/task_queues:103:5)\n    at runSuite (file:///C:/Users/yangy/Desktop/Tshine2-13-mainc/Tshine2-13-mainc/node_modules/@vitest/runner/dist/index.js:1205:15)\n    at runSuite (file:///C:/Users/yangy/Desktop/Tshine2-13-mainc/Tshine2-13-mainc/node_modules/@vitest/runner/dist/index.js:1205:15)\n    at runFiles (file:///C:/Users/yangy/Desktop/Tshine2-13-mainc/Tshine2-13-mainc/node_modules/@vitest/runner/dist/index.js:1262:5)\n    at startTests (file:///C:/Users/yangy/Desktop/Tshine2-13-mainc/Tshine2-13-mainc/node_modules/@vitest/runner/dist/index.js:1271:3)"],"meta":{}},{"ancestorTitles":["classifyLiveInput gold-driven zh regressions"],"fullName":"classifyLiveInput gold-driven zh regressions captures activity_with_mood in purchase + mood phrasing: 买到想要的东西，开心","status":"failed","title":"captures activity_with_mood in purchase + mood phrasing: 买到想要的东西，开心","duration":0.3926000000001295,"failureMessages":["AssertionError: expected 'standalone_mood' to be 'activity_with_mood' // Object.is equality\n    at C:\\Users\\yangy\\Desktop\\Tshine2-13-mainc\\Tshine2-13-mainc\\src\\services\\input\\liveInputClassifier.test.ts:383:33\n    at file:///C:/Users/yangy/Desktop/Tshine2-13-mainc/Tshine2-13-mainc/node_modules/@vitest/runner/dist/index.js:146:14\n    at file:///C:/Users/yangy/Desktop/Tshine2-13-mainc/Tshine2-13-mainc/node_modules/@vitest/runner/dist/index.js:533:11\n    at runWithTimeout (file:///C:/Users/yangy/Desktop/Tshine2-13-mainc/Tshine2-13-mainc/node_modules/@vitest/runner/dist/index.js:39:7)\n    at runTest (file:///C:/Users/yangy/Desktop/Tshine2-13-mainc/Tshine2-13-mainc/node_modules/@vitest/runner/dist/index.js:1056:17)\n    at processTicksAndRejections (node:internal/process/task_queues:103:5)\n    at runSuite (file:///C:/Users/yangy/Desktop/Tshine2-13-mainc/Tshine2-13-mainc/node_modules/@vitest/runner/dist/index.js:1205:15)\n    at runSuite (file:///C:/Users/yangy/Desktop/Tshine2-13-mainc/Tshine2-13-mainc/node_modules/@vitest/runner/dist/index.js:1205:15)\n    at runFiles (file:///C:/Users/yangy/Desktop/Tshine2-13-mainc/Tshine2-13-mainc/node_modules/@vitest/runner/dist/index.js:1262:5)\n    at startTests (file:///C:/Users/yangy/Desktop/Tshine2-13-mainc/Tshine2-13-mainc/node_modules/@vitest/runner/dist/index.js:1271:3)"],"meta":{}},{"ancestorTitles":["classifyLiveInput en/it baseline regressions"],"fullName":"classifyLiveInput en/it baseline regressions classifies English standalone mood: I feel tired","status":"passed","title":"classifies English standalone mood: I feel tired","duration":2.086999999999989,"failureMessages":[],"meta":{}},{"ancestorTitles":["classifyLiveInput en/it baseline regressions"],"fullName":"classifyLiveInput en/it baseline regressions classifies English activity: I am working","status":"passed","title":"classifies English activity: I am working","duration":0.7608999999999924,"failureMessages":[],"meta":{}},{"ancestorTitles":["classifyLiveInput en/it baseline regressions"],"fullName":"classifyLiveInput en/it baseline regressions classifies English generic study object: studying corporate finance","status":"passed","title":"classifies English generic study object: studying corporate finance","duration":0.3524999999999636,"failureMessages":[],"meta":{}},{"ancestorTitles":["classifyLiveInput en/it baseline regressions"],"fullName":"classifyLiveInput en/it baseline regressions classifies English generic review object: reviewing probability statistics","status":"passed","title":"classifies English generic review object: reviewing probability statistics","duration":0.10199999999986176,"failureMessages":[],"meta":{}},{"ancestorTitles":["classifyLiveInput en/it baseline regressions"],"fullName":"classifyLiveInput en/it baseline regressions classifies English social slang activity: grabbing lunch with friends","status":"passed","title":"classifies English social slang activity: grabbing lunch with friends","duration":0.09699999999997999,"failureMessages":[],"meta":{}},{"ancestorTitles":["classifyLiveInput en/it baseline regressions"],"fullName":"classifyLiveInput en/it baseline regressions classifies English entertainment activity: watching anime","status":"passed","title":"classifies English entertainment activity: watching anime","duration":0.0884000000000924,"failureMessages":[],"meta":{}},{"ancestorTitles":["classifyLiveInput en/it baseline regressions"],"fullName":"classifyLiveInput en/it baseline regressions classifies English mood about last activity with context","status":"passed","title":"classifies English mood about last activity with context","duration":0.11289999999985412,"failureMessages":[],"meta":{}},{"ancestorTitles":["classifyLiveInput en/it baseline regressions"],"fullName":"classifyLiveInput en/it baseline regressions classifies English mood_about_last_activity with causal evaluation phrasing","status":"passed","title":"classifies English mood_about_last_activity with causal evaluation phrasing","duration":0.1067000000000462,"failureMessages":[],"meta":{}},{"ancestorTitles":["classifyLiveInput en/it baseline regressions"],"fullName":"classifyLiveInput en/it baseline regressions classifies English activity_with_mood: just finished report, relieved","status":"passed","title":"classifies English activity_with_mood: just finished report, relieved","duration":0.11770000000001346,"failureMessages":[],"meta":{}},{"ancestorTitles":["classifyLiveInput en/it baseline regressions"],"fullName":"classifyLiveInput en/it baseline regressions keeps English future plan sentence out of activity: later I will go to the gym","status":"passed","title":"keeps English future plan sentence out of activity: later I will go to the gym","duration":0.09560000000010405,"failureMessages":[],"meta":{}},{"ancestorTitles":["classifyLiveInput en/it baseline regressions"],"fullName":"classifyLiveInput en/it baseline regressions does not link to unrelated recent context by raw substring in English","status":"passed","title":"does not link to unrelated recent context by raw substring in English","duration":0.2817000000000007,"failureMessages":[],"meta":{}},{"ancestorTitles":["classifyLiveInput en/it baseline regressions"],"fullName":"classifyLiveInput en/it baseline regressions classifies Italian standalone mood: sono stanco","status":"passed","title":"classifies Italian standalone mood: sono stanco","duration":1.8233999999999924,"failureMessages":[],"meta":{}},{"ancestorTitles":["classifyLiveInput en/it baseline regressions"],"fullName":"classifyLiveInput en/it baseline regressions classifies Italian activity: sto studiando","status":"passed","title":"classifies Italian activity: sto studiando","duration":0.6812999999999647,"failureMessages":[],"meta":{}},{"ancestorTitles":["classifyLiveInput en/it baseline regressions"],"fullName":"classifyLiveInput en/it baseline regressions keeps planned Italian sentence out of activity: domani voglio correre","status":"passed","title":"keeps planned Italian sentence out of activity: domani voglio correre","duration":0.09730000000013206,"failureMessages":[],"meta":{}},{"ancestorTitles":["classifyLiveInput en/it baseline regressions"],"fullName":"classifyLiveInput en/it baseline regressions classifies Italian generic study object: sto studiando finanza aziendale","status":"passed","title":"classifies Italian generic study object: sto studiando finanza aziendale","duration":0.30520000000001346,"failureMessages":[],"meta":{}},{"ancestorTitles":["classifyLiveInput en/it baseline regressions"],"fullName":"classifyLiveInput en/it baseline regressions classifies Italian generic review object: ripasso statistica","status":"passed","title":"classifies Italian generic review object: ripasso statistica","duration":0.08609999999998763,"failureMessages":[],"meta":{}},{"ancestorTitles":["classifyLiveInput en/it baseline regressions"],"fullName":"classifyLiveInput en/it baseline regressions classifies Italian social activity: prendo pranzo con un amico","status":"passed","title":"classifies Italian social activity: prendo pranzo con un amico","duration":0.08510000000001128,"failureMessages":[],"meta":{}},{"ancestorTitles":["classifyLiveInput en/it baseline regressions"],"fullName":"classifyLiveInput en/it baseline regressions classifies Italian entertainment activity: guardo anime","status":"passed","title":"classifies Italian entertainment activity: guardo anime","duration":0.08690000000001419,"failureMessages":[],"meta":{}},{"ancestorTitles":["classifyLiveInput en/it baseline regressions"],"fullName":"classifyLiveInput en/it baseline regressions classifies Italian activity_with_mood: ho appena finito la riunione, sono sollevato","status":"passed","title":"classifies Italian activity_with_mood: ho appena finito la riunione, sono sollevato","duration":0.09199999999987085,"failureMessages":[],"meta":{}},{"ancestorTitles":["classifyLiveInput en/it baseline regressions"],"fullName":"classifyLiveInput en/it baseline regressions classifies Italian mood_about_last_activity with causal mood phrasing","status":"passed","title":"classifies Italian mood_about_last_activity with causal mood phrasing","duration":0.9160999999999149,"failureMessages":[],"meta":{}},{"ancestorTitles":["classifyLiveInput en/it baseline regressions"],"fullName":"classifyLiveInput en/it baseline regressions keeps Italian future plan sentence out of activity: stasera ho intenzione di andare in palestra","status":"passed","title":"keeps Italian future plan sentence out of activity: stasera ho intenzione di andare in palestra","duration":0.10580000000004475,"failureMessages":[],"meta":{}}],"startTime":1773242181516,"endTime":1773242181551.1057,"status":"failed","message":"","name":"C:/Users/yangy/Desktop/Tshine2-13-mainc/Tshine2-13-mainc/src/services/input/liveInputClassifier.test.ts"},{"assertionResults":[{"ancestorTitles":["getLiveInputContext"],"fullName":"getLiveInputContext returns latest ongoing record activity as context","status":"passed","title":"returns latest ongoing record activity as context","duration":2.1567000000000007,"failureMessages":[],"meta":{}},{"ancestorTitles":["getLiveInputContext"],"fullName":"getLiveInputContext returns latest ended activity within 30 minutes","status":"passed","title":"returns latest ended activity within 30 minutes","duration":0.3929000000000542,"failureMessages":[],"meta":{}},{"ancestorTitles":["getLiveInputContext"],"fullName":"getLiveInputContext skips ended activity outside 30-minute window","status":"passed","title":"skips ended activity outside 30-minute window","duration":0.3044999999999618,"failureMessages":[],"meta":{}},{"ancestorTitles":["getLiveInputContext"],"fullName":"getLiveInputContext ignores chat and mood messages when finding context","status":"passed","title":"ignores chat and mood messages when finding context","duration":0.2617999999999938,"failureMessages":[],"meta":{}}],"startTime":1773242181479,"endTime":1773242181482.3928,"status":"passed","message":"","name":"C:/Users/yangy/Desktop/Tshine2-13-mainc/Tshine2-13-mainc/src/services/input/liveInputContext.test.ts"},{"assertionResults":[{"ancestorTitles":["liveInputRules pattern smoke regression"],"fullName":"liveInputRules pattern smoke regression matches expected rule set case #1: 正在写报告","status":"passed","title":"matches expected rule set case #1: 正在写报告","duration":0.9456000000000131,"failureMessages":[],"meta":{}},{"ancestorTitles":["liveInputRules pattern smoke regression"],"fullName":"liveInputRules pattern smoke regression matches expected rule set case #2: 开会中","status":"passed","title":"matches expected rule set case #2: 开会中","duration":0.2014000000001488,"failureMessages":[],"meta":{}},{"ancestorTitles":["liveInputRules pattern smoke regression"],"fullName":"liveInputRules pattern smoke regression matches expected rule set case #3: 刚写完报告了","status":"passed","title":"matches expected rule set case #3: 刚写完报告了","duration":0.12340000000017426,"failureMessages":[],"meta":{}},{"ancestorTitles":["liveInputRules pattern smoke regression"],"fullName":"liveInputRules pattern smoke regression matches expected rule set case #4: 已经做完了","status":"passed","title":"matches expected rule set case #4: 已经做完了","duration":0.1291999999998552,"failureMessages":[],"meta":{}},{"ancestorTitles":["liveInputRules pattern smoke regression"],"fullName":"liveInputRules pattern smoke regression matches expected rule set case #5: 好累","status":"passed","title":"matches expected rule set case #5: 好累","duration":0.080600000000004,"failureMessages":[],"meta":{}},{"ancestorTitles":["liveInputRules pattern smoke regression"],"fullName":"liveInputRules pattern smoke regression matches expected rule set case #6: 真烦","status":"passed","title":"matches expected rule set case #6: 真烦","duration":0.12159999999994398,"failureMessages":[],"meta":{}},{"ancestorTitles":["liveInputRules pattern smoke regression"],"fullName":"liveInputRules pattern smoke regression matches expected rule set case #7: 明天要去开会","status":"passed","title":"matches expected rule set case #7: 明天要去开会","duration":0.22090000000002874,"failureMessages":[],"meta":{}},{"ancestorTitles":["liveInputRules pattern smoke regression"],"fullName":"liveInputRules pattern smoke regression matches expected rule set case #8: 不想运动","status":"passed","title":"matches expected rule set case #8: 不想运动","duration":0.1637999999998101,"failureMessages":[],"meta":{}},{"ancestorTitles":["liveInputRules pattern smoke regression"],"fullName":"liveInputRules pattern smoke regression matches expected rule set case #9: I am working","status":"passed","title":"matches expected rule set case #9: I am working","duration":0.1433999999999287,"failureMessages":[],"meta":{}},{"ancestorTitles":["liveInputRules pattern smoke regression"],"fullName":"liveInputRules pattern smoke regression matches expected rule set case #10: working right now","status":"passed","title":"matches expected rule set case #10: working right now","duration":0.17360000000007858,"failureMessages":[],"meta":{}},{"ancestorTitles":["liveInputRules pattern smoke regression"],"fullName":"liveInputRules pattern smoke regression matches expected rule set case #11: just had a meeting","status":"passed","title":"matches expected rule set case #11: just had a meeting","duration":0.3466000000000804,"failureMessages":[],"meta":{}},{"ancestorTitles":["liveInputRules pattern smoke regression"],"fullName":"liveInputRules pattern smoke regression matches expected rule set case #12: Just finished the report","status":"passed","title":"matches expected rule set case #12: Just finished the report","duration":0.10300000000006548,"failureMessages":[],"meta":{}},{"ancestorTitles":["liveInputRules pattern smoke regression"],"fullName":"liveInputRules pattern smoke regression matches expected rule set case #13: I got done with the task","status":"passed","title":"matches expected rule set case #13: I got done with the task","duration":0.08380000000011023,"failureMessages":[],"meta":{}},{"ancestorTitles":["liveInputRules pattern smoke regression"],"fullName":"liveInputRules pattern smoke regression matches expected rule set case #14: I feel exhausted","status":"passed","title":"matches expected rule set case #14: I feel exhausted","duration":0.17180000000007567,"failureMessages":[],"meta":{}},{"ancestorTitles":["liveInputRules pattern smoke regression"],"fullName":"liveInputRules pattern smoke regression matches expected rule set case #15: that was stressful","status":"passed","title":"matches expected rule set case #15: that was stressful","duration":0.2565999999999349,"failureMessages":[],"meta":{}},{"ancestorTitles":["liveInputRules pattern smoke regression"],"fullName":"liveInputRules pattern smoke regression matches expected rule set case #16: later I will go to the gym","status":"passed","title":"matches expected rule set case #16: later I will go to the gym","duration":0.1289999999999054,"failureMessages":[],"meta":{}},{"ancestorTitles":["liveInputRules pattern smoke regression"],"fullName":"liveInputRules pattern smoke regression matches expected rule set case #17: sto studiando","status":"passed","title":"matches expected rule set case #17: sto studiando","duration":0.13830000000007203,"failureMessages":[],"meta":{}},{"ancestorTitles":["liveInputRules pattern smoke regression"],"fullName":"liveInputRules pattern smoke regression matches expected rule set case #18: ho appena fatto la riunione","status":"passed","title":"matches expected rule set case #18: ho appena fatto la riunione","duration":0.47260000000005675,"failureMessages":[],"meta":{}},{"ancestorTitles":["liveInputRules pattern smoke regression"],"fullName":"liveInputRules pattern smoke regression matches expected rule set case #19: in ufficio","status":"passed","title":"matches expected rule set case #19: in ufficio","duration":1.1972000000000662,"failureMessages":[],"meta":{}},{"ancestorTitles":["liveInputRules pattern smoke regression"],"fullName":"liveInputRules pattern smoke regression matches expected rule set case #20: ho finito","status":"passed","title":"matches expected rule set case #20: ho finito","duration":0.10540000000014516,"failureMessages":[],"meta":{}},{"ancestorTitles":["liveInputRules pattern smoke regression"],"fullName":"liveInputRules pattern smoke regression matches expected rule set case #21: ho terminato la sessione","status":"passed","title":"matches expected rule set case #21: ho terminato la sessione","duration":0.18329999999991742,"failureMessages":[],"meta":{}},{"ancestorTitles":["liveInputRules pattern smoke regression"],"fullName":"liveInputRules pattern smoke regression matches expected rule set case #22: sono esausto","status":"passed","title":"matches expected rule set case #22: sono esausto","duration":0.21000000000003638,"failureMessages":[],"meta":{}},{"ancestorTitles":["liveInputRules pattern smoke regression"],"fullName":"liveInputRules pattern smoke regression matches expected rule set case #23: era stressante","status":"passed","title":"matches expected rule set case #23: era stressante","duration":0.1672000000000935,"failureMessages":[],"meta":{}},{"ancestorTitles":["liveInputRules pattern smoke regression"],"fullName":"liveInputRules pattern smoke regression matches expected rule set case #24: stasera ho intenzione di andare in palestra","status":"passed","title":"matches expected rule set case #24: stasera ho intenzione di andare in palestra","duration":0.11000000000012733,"failureMessages":[],"meta":{}}],"startTime":1773242181512,"endTime":1773242181519.11,"status":"passed","message":"","name":"C:/Users/yangy/Desktop/Tshine2-13-mainc/Tshine2-13-mainc/src/services/input/liveInputRules.test.ts"},{"assertionResults":[{"ancestorTitles":["parseMagicPenInput basic parsing"],"fullName":"parseMagicPenInput basic parsing parses activity with exact time","status":"passed","title":"parses activity with exact time","duration":3.3683999999998377,"failureMessages":[],"meta":{}},{"ancestorTitles":["parseMagicPenInput basic parsing"],"fullName":"parseMagicPenInput basic parsing parses activity with exact colon time","status":"passed","title":"parses activity with exact colon time","duration":0.5501999999999043,"failureMessages":[],"meta":{}},{"ancestorTitles":["parseMagicPenInput basic parsing"],"fullName":"parseMagicPenInput basic parsing parses todo from duty word","status":"passed","title":"parses todo from duty word","duration":0.3251000000000204,"failureMessages":[],"meta":{}},{"ancestorTitles":["parseMagicPenInput basic parsing"],"fullName":"parseMagicPenInput basic parsing parses todo from future word","status":"passed","title":"parses todo from future word","duration":0.2621000000001459,"failureMessages":[],"meta":{}},{"ancestorTitles":["parseMagicPenInput basic parsing"],"fullName":"parseMagicPenInput basic parsing sends vague sentence to unparsed","status":"passed","title":"sends vague sentence to unparsed","duration":0.19410000000016225,"failureMessages":[],"meta":{}},{"ancestorTitles":["parseMagicPenInput basic parsing"],"fullName":"parseMagicPenInput basic parsing rejects cross-day sentence to unparsed","status":"passed","title":"rejects cross-day sentence to unparsed","duration":0.22239999999987958,"failureMessages":[],"meta":{}},{"ancestorTitles":["parseMagicPenInput mixed segments"],"fullName":"parseMagicPenInput mixed segments splits by punctuation and parses activity + todo","status":"passed","title":"splits by punctuation and parses activity + todo","duration":0.6704999999999472,"failureMessages":[],"meta":{}},{"ancestorTitles":["parseMagicPenInput mixed segments"],"fullName":"parseMagicPenInput mixed segments keeps connector signal for todo segment","status":"passed","title":"keeps connector signal for todo segment","duration":0.2850999999998294,"failureMessages":[],"meta":{}},{"ancestorTitles":["parseMagicPenInput mixed segments"],"fullName":"parseMagicPenInput mixed segments supports multiline segments","status":"passed","title":"supports multiline segments","duration":0.2699999999999818,"failureMessages":[],"meta":{}},{"ancestorTitles":["parseMagicPenInput mixed segments"],"fullName":"parseMagicPenInput mixed segments assigns missing_time when activity lacks explicit time","status":"passed","title":"assigns missing_time when activity lacks explicit time","duration":1.1816000000001168,"failureMessages":[],"meta":{}},{"ancestorTitles":["parseMagicPenInput period windows"],"fullName":"parseMagicPenInput period windows maps 上午 to 09:00-11:00","status":"passed","title":"maps 上午 to 09:00-11:00","duration":0.3251000000000204,"failureMessages":[],"meta":{}},{"ancestorTitles":["parseMagicPenInput period windows"],"fullName":"parseMagicPenInput period windows maps 下午 to 15:00-17:00","status":"passed","title":"maps 下午 to 15:00-17:00","duration":0.21329999999989013,"failureMessages":[],"meta":{}},{"ancestorTitles":["parseMagicPenInput period windows"],"fullName":"parseMagicPenInput period windows maps 晚上 to 20:00-21:00","status":"passed","title":"maps 晚上 to 20:00-21:00","duration":0.19499999999993634,"failureMessages":[],"meta":{}},{"ancestorTitles":["parseMagicPenInput period windows"],"fullName":"parseMagicPenInput period windows maps 中午 to 12:00-13:00","status":"passed","title":"maps 中午 to 12:00-13:00","duration":0.18460000000004584,"failureMessages":[],"meta":{}},{"ancestorTitles":["parseMagicPenInput todo-focused cases"],"fullName":"parseMagicPenInput todo-focused cases parses todo: 记得交电费","status":"passed","title":"parses todo: 记得交电费","duration":0.2238999999999578,"failureMessages":[],"meta":{}},{"ancestorTitles":["parseMagicPenInput todo-focused cases"],"fullName":"parseMagicPenInput todo-focused cases parses todo: 还要给团队发周报","status":"passed","title":"parses todo: 还要给团队发周报","duration":0.12360000000012406,"failureMessages":[],"meta":{}},{"ancestorTitles":["parseMagicPenInput todo-focused cases"],"fullName":"parseMagicPenInput todo-focused cases parses todo: 稍后回电话","status":"passed","title":"parses todo: 稍后回电话","duration":0.10940000000005057,"failureMessages":[],"meta":{}},{"ancestorTitles":["parseMagicPenInput todo-focused cases"],"fullName":"parseMagicPenInput todo-focused cases parses todo: 本周要买咖啡豆","status":"passed","title":"parses todo: 本周要买咖啡豆","duration":0.11730000000011387,"failureMessages":[],"meta":{}},{"ancestorTitles":["parseMagicPenInput todo-focused cases"],"fullName":"parseMagicPenInput todo-focused cases parses todo: 需要补一张发票","status":"passed","title":"parses todo: 需要补一张发票","duration":0.10820000000012442,"failureMessages":[],"meta":{}},{"ancestorTitles":["parseMagicPenInput todo-focused cases"],"fullName":"parseMagicPenInput todo-focused cases parses todo: 别忘了取快递","status":"passed","title":"parses todo: 别忘了取快递","duration":0.09400000000005093,"failureMessages":[],"meta":{}},{"ancestorTitles":["parseMagicPenInput activity-focused cases"],"fullName":"parseMagicPenInput activity-focused cases parses activity: 今天早上开会","status":"passed","title":"parses activity: 今天早上开会","duration":0.2401999999999589,"failureMessages":[],"meta":{}},{"ancestorTitles":["parseMagicPenInput activity-focused cases"],"fullName":"parseMagicPenInput activity-focused cases parses activity: 今天下午买菜","status":"passed","title":"parses activity: 今天下午买菜","duration":0.14439999999990505,"failureMessages":[],"meta":{}},{"ancestorTitles":["parseMagicPenInput activity-focused cases"],"fullName":"parseMagicPenInput activity-focused cases parses activity: 刚刚通勤","status":"passed","title":"parses activity: 刚刚通勤","duration":0.11479999999983193,"failureMessages":[],"meta":{}},{"ancestorTitles":["parseMagicPenInput activity-focused cases"],"fullName":"parseMagicPenInput activity-focused cases parses activity: 今天晚上做家务","status":"passed","title":"parses activity: 今天晚上做家务","duration":0.1331000000000131,"failureMessages":[],"meta":{}},{"ancestorTitles":["parseMagicPenInput activity-focused cases"],"fullName":"parseMagicPenInput activity-focused cases parses activity: 今天10点学习","status":"passed","title":"parses activity: 今天10点学习","duration":0.1433999999999287,"failureMessages":[],"meta":{}},{"ancestorTitles":["parseMagicPenInput activity-focused cases"],"fullName":"parseMagicPenInput activity-focused cases parses activity: 上午写方案","status":"passed","title":"parses activity: 上午写方案","duration":0.12370000000009895,"failureMessages":[],"meta":{}}],"startTime":1773242181616,"endTime":1773242181627.1433,"status":"passed","message":"","name":"C:/Users/yangy/Desktop/Tshine2-13-mainc/Tshine2-13-mainc/src/services/input/magicPenParser.test.ts"}]}